# JRE version: Java(TM) SE Runtime Environment (8.0_91-b14) (build 1.8.0_91-b14)
# Java VM: Java HotSpot(TM) 64-Bit Server VM (25.91-b14 mixed mode linux-amd64 compressed oops)
Heap:
 PSYoungGen      total 28160K, used 23754K [0x00000000ebd80000, 0x00000000ee180000, 0x0000000100000000)
  eden space 25600K, 82% used [0x00000000ebd80000,0x00000000ed23abc0,0x00000000ed680000)
  from space 2560K, 98% used [0x00000000edf00000,0x00000000ee178010,0x00000000ee180000)
  to   space 2560K, 0% used [0x00000000edc80000,0x00000000edc80000,0x00000000edf00000)
 ParOldGen       total 28672K, used 4204K [0x00000000c3800000, 0x00000000c5400000, 0x00000000ebd80000)
  object space 28672K, 14% used [0x00000000c3800000,0x00000000c3c1b2f0,0x00000000c5400000)
 Metaspace       used 29578K, capacity 30384K, committed 30592K, reserved 1075200K
  class space    used 4174K, capacity 4395K, committed 4480K, reserved 1048576K
GC Heap History (10 events):
Event: 2,761 GC heap before
{Heap before GC invocations=1 (full 0):
 PSYoungGen      total 18432K, used 15872K [0x00000000ebd80000, 0x00000000ed200000, 0x0000000100000000)
  eden space 15872K, 100% used [0x00000000ebd80000,0x00000000ecd00000,0x00000000ecd00000)
  from space 2560K, 0% used [0x00000000ecf80000,0x00000000ecf80000,0x00000000ed200000)
  to   space 2560K, 0% used [0x00000000ecd00000,0x00000000ecd00000,0x00000000ecf80000)
 ParOldGen       total 42496K, used 0K [0x00000000c3800000, 0x00000000c6180000, 0x00000000ebd80000)
  object space 42496K, 0% used [0x00000000c3800000,0x00000000c3800000,0x00000000c6180000)
 Metaspace       used 9445K, capacity 9692K, committed 9856K, reserved 1058816K
  class space    used 1047K, capacity 1120K, committed 1152K, reserved 1048576K
Event: 2,767 GC heap after
Heap after GC invocations=1 (full 0):
 PSYoungGen      total 18432K, used 2556K [0x00000000ebd80000, 0x00000000ed200000, 0x0000000100000000)
  eden space 15872K, 0% used [0x00000000ebd80000,0x00000000ebd80000,0x00000000ecd00000)
  from space 2560K, 99% used [0x00000000ecd00000,0x00000000ecf7f298,0x00000000ecf80000)
  to   space 2560K, 0% used [0x00000000ecf80000,0x00000000ecf80000,0x00000000ed200000)
 ParOldGen       total 42496K, used 806K [0x00000000c3800000, 0x00000000c6180000, 0x00000000ebd80000)
  object space 42496K, 1% used [0x00000000c3800000,0x00000000c38c9818,0x00000000c6180000)
 Metaspace       used 9445K, capacity 9692K, committed 9856K, reserved 1058816K
  class space    used 1047K, capacity 1120K, committed 1152K, reserved 1048576K
}
Event: 3,180 GC heap before
{Heap before GC invocations=2 (full 0):
 PSYoungGen      total 18432K, used 18428K [0x00000000ebd80000, 0x00000000ed200000, 0x0000000100000000)
  eden space 15872K, 100% used [0x00000000ebd80000,0x00000000ecd00000,0x00000000ecd00000)
  from space 2560K, 99% used [0x00000000ecd00000,0x00000000ecf7f298,0x00000000ecf80000)
  to   space 2560K, 0% used [0x00000000ecf80000,0x00000000ecf80000,0x00000000ed200000)
 ParOldGen       total 42496K, used 806K [0x00000000c3800000, 0x00000000c6180000, 0x00000000ebd80000)
  object space 42496K, 1% used [0x00000000c3800000,0x00000000c38c9818,0x00000000c6180000)
 Metaspace       used 14980K, capacity 15224K, committed 15360K, reserved 1062912K
  class space    used 1873K, capacity 1969K, committed 2048K, reserved 1048576K
Event: 3,191 GC heap after
Heap after GC invocations=2 (full 0):
 PSYoungGen      total 18432K, used 2528K [0x00000000ebd80000, 0x00000000ee180000, 0x0000000100000000)
  eden space 15872K, 0% used [0x00000000ebd80000,0x00000000ebd80000,0x00000000ecd00000)
  from space 2560K, 98% used [0x00000000ecf80000,0x00000000ed1f8060,0x00000000ed200000)
  to   space 2560K, 0% used [0x00000000ecd00000,0x00000000ecd00000,0x00000000ecf80000)
 ParOldGen       total 42496K, used 2353K [0x00000000c3800000, 0x00000000c6180000, 0x00000000ebd80000)
  object space 42496K, 5% used [0x00000000c3800000,0x00000000c3a4c420,0x00000000c6180000)
 Metaspace       used 14980K, capacity 15224K, committed 15360K, reserved 1062912K
  class space    used 1873K, capacity 1969K, committed 2048K, reserved 1048576K
}
Event: 3,566 GC heap before
{Heap before GC invocations=3 (full 0):
 PSYoungGen      total 18432K, used 10196K [0x00000000ebd80000, 0x00000000ee180000, 0x0000000100000000)
  eden space 15872K, 48% used [0x00000000ebd80000,0x00000000ec4fd108,0x00000000ecd00000)
  from space 2560K, 98% used [0x00000000ecf80000,0x00000000ed1f8060,0x00000000ed200000)
  to   space 2560K, 0% used [0x00000000ecd00000,0x00000000ecd00000,0x00000000ecf80000)
 ParOldGen       total 42496K, used 2353K [0x00000000c3800000, 0x00000000c6180000, 0x00000000ebd80000)
  object space 42496K, 5% used [0x00000000c3800000,0x00000000c3a4c420,0x00000000c6180000)
 Metaspace       used 20802K, capacity 21178K, committed 21296K, reserved 1067008K
  class space    used 2698K, capacity 2858K, committed 2944K, reserved 1048576K
Event: 3,575 GC heap after
Heap after GC invocations=3 (full 0):
 PSYoungGen      total 18432K, used 2544K [0x00000000ebd80000, 0x00000000ee180000, 0x0000000100000000)
  eden space 15872K, 0% used [0x00000000ebd80000,0x00000000ebd80000,0x00000000ecd00000)
  from space 2560K, 99% used [0x00000000ecd00000,0x00000000ecf7c090,0x00000000ecf80000)
  to   space 2560K, 0% used [0x00000000edf00000,0x00000000edf00000,0x00000000ee180000)
 ParOldGen       total 42496K, used 3880K [0x00000000c3800000, 0x00000000c6180000, 0x00000000ebd80000)
  object space 42496K, 9% used [0x00000000c3800000,0x00000000c3bca1d8,0x00000000c6180000)
 Metaspace       used 20802K, capacity 21178K, committed 21296K, reserved 1067008K
  class space    used 2698K, capacity 2858K, committed 2944K, reserved 1048576K
}
Event: 3,575 GC heap before
{Heap before GC invocations=4 (full 1):
 PSYoungGen      total 18432K, used 2544K [0x00000000ebd80000, 0x00000000ee180000, 0x0000000100000000)
  eden space 15872K, 0% used [0x00000000ebd80000,0x00000000ebd80000,0x00000000ecd00000)
  from space 2560K, 99% used [0x00000000ecd00000,0x00000000ecf7c090,0x00000000ecf80000)
  to   space 2560K, 0% used [0x00000000edf00000,0x00000000edf00000,0x00000000ee180000)
 ParOldGen       total 42496K, used 3880K [0x00000000c3800000, 0x00000000c6180000, 0x00000000ebd80000)
  object space 42496K, 9% used [0x00000000c3800000,0x00000000c3bca1d8,0x00000000c6180000)
 Metaspace       used 20802K, capacity 21178K, committed 21296K, reserved 1067008K
  class space    used 2698K, capacity 2858K, committed 2944K, reserved 1048576K
Event: 3,613 GC heap after
Heap after GC invocations=4 (full 1):
 PSYoungGen      total 18432K, used 0K [0x00000000ebd80000, 0x00000000ee180000, 0x0000000100000000)
  eden space 15872K, 0% used [0x00000000ebd80000,0x00000000ebd80000,0x00000000ecd00000)
  from space 2560K, 0% used [0x00000000ecd00000,0x00000000ecd00000,0x00000000ecf80000)
  to   space 2560K, 0% used [0x00000000edf00000,0x00000000edf00000,0x00000000ee180000)
 ParOldGen       total 28672K, used 4132K [0x00000000c3800000, 0x00000000c5400000, 0x00000000ebd80000)
  object space 28672K, 14% used [0x00000000c3800000,0x00000000c3c092f0,0x00000000c5400000)
 Metaspace       used 20802K, capacity 21178K, committed 21296K, reserved 1067008K
  class space    used 2698K, capacity 2858K, committed 2944K, reserved 1048576K
}
Event: 4,159 GC heap before
{Heap before GC invocations=5 (full 1):
 PSYoungGen      total 18432K, used 15872K [0x00000000ebd80000, 0x00000000ee180000, 0x0000000100000000)
  eden space 15872K, 100% used [0x00000000ebd80000,0x00000000ecd00000,0x00000000ecd00000)
  from space 2560K, 0% used [0x00000000ecd00000,0x00000000ecd00000,0x00000000ecf80000)
  to   space 2560K, 0% used [0x00000000edf00000,0x00000000edf00000,0x00000000ee180000)
 ParOldGen       total 28672K, used 4132K [0x00000000c3800000, 0x00000000c5400000, 0x00000000ebd80000)
  object space 28672K, 14% used [0x00000000c3800000,0x00000000c3c092f0,0x00000000c5400000)
 Metaspace       used 24641K, capacity 25146K, committed 25344K, reserved 1071104K
  class space    used 3305K, capacity 3480K, committed 3584K, reserved 1048576K
Event: 4,169 GC heap after
Heap after GC invocations=5 (full 1):
 PSYoungGen      total 28160K, used 2528K [0x00000000ebd80000, 0x00000000ee180000, 0x0000000100000000)
  eden space 25600K, 0% used [0x00000000ebd80000,0x00000000ebd80000,0x00000000ed680000)
  from space 2560K, 98% used [0x00000000edf00000,0x00000000ee178010,0x00000000ee180000)
  to   space 2560K, 0% used [0x00000000edc80000,0x00000000edc80000,0x00000000edf00000)
 ParOldGen       total 28672K, used 4204K [0x00000000c3800000, 0x00000000c5400000, 0x00000000ebd80000)
  object space 28672K, 14% used [0x00000000c3800000,0x00000000c3c1b2f0,0x00000000c5400000)
 Metaspace       used 24641K, capacity 25146K, committed 25344K, reserved 1071104K
  class space    used 3305K, capacity 3480K, committed 3584K, reserved 1048576K
}

