# JRE version: Java(TM) SE Runtime Environment (8.0_91-b14) (build 1.8.0_91-b14)
# Java VM: Java HotSpot(TM) 64-Bit Server VM (25.91-b14 mixed mode linux-amd64 compressed oops)
Heap:
 PSYoungGen      total 33792K, used 3462K [0x00000000ebd80000, 0x00000000ee800000, 0x0000000100000000)
  eden space 31232K, 2% used [0x00000000ebd80000,0x00000000ebe65be8,0x00000000edc00000)
  from space 2560K, 99% used [0x00000000edc80000,0x00000000edefc010,0x00000000edf00000)
  to   space 6144K, 0% used [0x00000000ee200000,0x00000000ee200000,0x00000000ee800000)
 ParOldGen       total 32256K, used 7222K [0x00000000c3800000, 0x00000000c5780000, 0x00000000ebd80000)
  object space 32256K, 22% used [0x00000000c3800000,0x00000000c3f0da80,0x00000000c5780000)
 Metaspace       used 30198K, capacity 30944K, committed 31104K, reserved 1075200K
  class space    used 4246K, capacity 4467K, committed 4480K, reserved 1048576K
GC Heap History (10 events):
Event: 1,571 GC heap before
{Heap before GC invocations=2 (full 0):
 PSYoungGen      total 18432K, used 18425K [0x00000000ebd80000, 0x00000000ed200000, 0x0000000100000000)
  eden space 15872K, 100% used [0x00000000ebd80000,0x00000000ecd00000,0x00000000ecd00000)
  from space 2560K, 99% used [0x00000000ecd00000,0x00000000ecf7e470,0x00000000ecf80000)
  to   space 2560K, 0% used [0x00000000ecf80000,0x00000000ecf80000,0x00000000ed200000)
 ParOldGen       total 42496K, used 859K [0x00000000c3800000, 0x00000000c6180000, 0x00000000ebd80000)
  object space 42496K, 2% used [0x00000000c3800000,0x00000000c38d6c58,0x00000000c6180000)
 Metaspace       used 14305K, capacity 14596K, committed 14720K, reserved 1062912K
  class space    used 1758K, capacity 1869K, committed 1920K, reserved 1048576K
Event: 1,582 GC heap after
Heap after GC invocations=2 (full 0):
 PSYoungGen      total 18432K, used 2528K [0x00000000ebd80000, 0x00000000ee180000, 0x0000000100000000)
  eden space 15872K, 0% used [0x00000000ebd80000,0x00000000ebd80000,0x00000000ecd00000)
  from space 2560K, 98% used [0x00000000ecf80000,0x00000000ed1f8060,0x00000000ed200000)
  to   space 2560K, 0% used [0x00000000ecd00000,0x00000000ecd00000,0x00000000ecf80000)
 ParOldGen       total 42496K, used 2302K [0x00000000c3800000, 0x00000000c6180000, 0x00000000ebd80000)
  object space 42496K, 5% used [0x00000000c3800000,0x00000000c3a3fbf0,0x00000000c6180000)
 Metaspace       used 14305K, capacity 14596K, committed 14720K, reserved 1062912K
  class space    used 1758K, capacity 1869K, committed 1920K, reserved 1048576K
}
Event: 1,907 GC heap before
{Heap before GC invocations=3 (full 0):
 PSYoungGen      total 18432K, used 10143K [0x00000000ebd80000, 0x00000000ee180000, 0x0000000100000000)
  eden space 15872K, 47% used [0x00000000ebd80000,0x00000000ec4eff00,0x00000000ecd00000)
  from space 2560K, 98% used [0x00000000ecf80000,0x00000000ed1f8060,0x00000000ed200000)
  to   space 2560K, 0% used [0x00000000ecd00000,0x00000000ecd00000,0x00000000ecf80000)
 ParOldGen       total 42496K, used 2302K [0x00000000c3800000, 0x00000000c6180000, 0x00000000ebd80000)
  object space 42496K, 5% used [0x00000000c3800000,0x00000000c3a3fbf0,0x00000000c6180000)
 Metaspace       used 20839K, capacity 21178K, committed 21248K, reserved 1067008K
  class space    used 2695K, capacity 2794K, committed 2816K, reserved 1048576K
Event: 1,913 GC heap after
Heap after GC invocations=3 (full 0):
 PSYoungGen      total 18432K, used 2528K [0x00000000ebd80000, 0x00000000ee180000, 0x0000000100000000)
  eden space 15872K, 0% used [0x00000000ebd80000,0x00000000ebd80000,0x00000000ecd00000)
  from space 2560K, 98% used [0x00000000ecd00000,0x00000000ecf78088,0x00000000ecf80000)
  to   space 2560K, 0% used [0x00000000edf00000,0x00000000edf00000,0x00000000ee180000)
 ParOldGen       total 42496K, used 3974K [0x00000000c3800000, 0x00000000c6180000, 0x00000000ebd80000)
  object space 42496K, 9% used [0x00000000c3800000,0x00000000c3be1ae8,0x00000000c6180000)
 Metaspace       used 20839K, capacity 21178K, committed 21248K, reserved 1067008K
  class space    used 2695K, capacity 2794K, committed 2816K, reserved 1048576K
}
Event: 1,913 GC heap before
{Heap before GC invocations=4 (full 1):
 PSYoungGen      total 18432K, used 2528K [0x00000000ebd80000, 0x00000000ee180000, 0x0000000100000000)
  eden space 15872K, 0% used [0x00000000ebd80000,0x00000000ebd80000,0x00000000ecd00000)
  from space 2560K, 98% used [0x00000000ecd00000,0x00000000ecf78088,0x00000000ecf80000)
  to   space 2560K, 0% used [0x00000000edf00000,0x00000000edf00000,0x00000000ee180000)
 ParOldGen       total 42496K, used 3974K [0x00000000c3800000, 0x00000000c6180000, 0x00000000ebd80000)
  object space 42496K, 9% used [0x00000000c3800000,0x00000000c3be1ae8,0x00000000c6180000)
 Metaspace       used 20839K, capacity 21178K, committed 21248K, reserved 1067008K
  class space    used 2695K, capacity 2794K, committed 2816K, reserved 1048576K
Event: 1,964 GC heap after
Heap after GC invocations=4 (full 1):
 PSYoungGen      total 18432K, used 0K [0x00000000ebd80000, 0x00000000ee180000, 0x0000000100000000)
  eden space 15872K, 0% used [0x00000000ebd80000,0x00000000ebd80000,0x00000000ecd00000)
  from space 2560K, 0% used [0x00000000ecd00000,0x00000000ecd00000,0x00000000ecf80000)
  to   space 2560K, 0% used [0x00000000edf00000,0x00000000edf00000,0x00000000ee180000)
 ParOldGen       total 32256K, used 4177K [0x00000000c3800000, 0x00000000c5780000, 0x00000000ebd80000)
  object space 32256K, 12% used [0x00000000c3800000,0x00000000c3c14520,0x00000000c5780000)
 Metaspace       used 20839K, capacity 21178K, committed 21248K, reserved 1067008K
  class space    used 2695K, capacity 2794K, committed 2816K, reserved 1048576K
}
Event: 2,516 GC heap before
{Heap before GC invocations=5 (full 1):
 PSYoungGen      total 18432K, used 15872K [0x00000000ebd80000, 0x00000000ee180000, 0x0000000100000000)
  eden space 15872K, 100% used [0x00000000ebd80000,0x00000000ecd00000,0x00000000ecd00000)
  from space 2560K, 0% used [0x00000000ecd00000,0x00000000ecd00000,0x00000000ecf80000)
  to   space 2560K, 0% used [0x00000000edf00000,0x00000000edf00000,0x00000000ee180000)
 ParOldGen       total 32256K, used 4177K [0x00000000c3800000, 0x00000000c5780000, 0x00000000ebd80000)
  object space 32256K, 12% used [0x00000000c3800000,0x00000000c3c14520,0x00000000c5780000)
 Metaspace       used 25109K, capacity 25666K, committed 25856K, reserved 1071104K
  class space    used 3361K, capacity 3532K, committed 3584K, reserved 1048576K
Event: 2,535 GC heap after
Heap after GC invocations=5 (full 1):
 PSYoungGen      total 25600K, used 2528K [0x00000000ebd80000, 0x00000000ee180000, 0x0000000100000000)
  eden space 23040K, 0% used [0x00000000ebd80000,0x00000000ebd80000,0x00000000ed400000)
  from space 2560K, 98% used [0x00000000edf00000,0x00000000ee178020,0x00000000ee180000)
  to   space 2560K, 0% used [0x00000000edc80000,0x00000000edc80000,0x00000000edf00000)
 ParOldGen       total 32256K, used 4333K [0x00000000c3800000, 0x00000000c5780000, 0x00000000ebd80000)
  object space 32256K, 13% used [0x00000000c3800000,0x00000000c3c3b530,0x00000000c5780000)
 Metaspace       used 25109K, capacity 25666K, committed 25856K, reserved 1071104K
  class space    used 3361K, capacity 3532K, committed 3584K, reserved 1048576K
}
Event: 2497,124 GC heap before
{Heap before GC invocations=6 (full 1):
 PSYoungGen      total 25600K, used 25568K [0x00000000ebd80000, 0x00000000ee180000, 0x0000000100000000)
  eden space 23040K, 100% used [0x00000000ebd80000,0x00000000ed400000,0x00000000ed400000)
  from space 2560K, 98% used [0x00000000edf00000,0x00000000ee178020,0x00000000ee180000)
  to   space 2560K, 0% used [0x00000000edc80000,0x00000000edc80000,0x00000000edf00000)
 ParOldGen       total 32256K, used 4333K [0x00000000c3800000, 0x00000000c5780000, 0x00000000ebd80000)
  object space 32256K, 13% used [0x00000000c3800000,0x00000000c3c3b530,0x00000000c5780000)
 Metaspace       used 30187K, capacity 30944K, committed 31104K, reserved 1075200K
  class space    used 4245K, capacity 4467K, committed 4480K, reserved 1048576K
Event: 2497,160 GC heap after
Heap after GC invocations=6 (full 1):
 PSYoungGen      total 33792K, used 2544K [0x00000000ebd80000, 0x00000000ee800000, 0x0000000100000000)
  eden space 31232K, 0% used [0x00000000ebd80000,0x00000000ebd80000,0x00000000edc00000)
  from space 2560K, 99% used [0x00000000edc80000,0x00000000edefc010,0x00000000edf00000)
  to   space 6144K, 0% used [0x00000000ee200000,0x00000000ee200000,0x00000000ee800000)
 ParOldGen       total 32256K, used 7222K [0x00000000c3800000, 0x00000000c5780000, 0x00000000ebd80000)
  object space 32256K, 22% used [0x00000000c3800000,0x00000000c3f0da80,0x00000000c5780000)
 Metaspace       used 30187K, capacity 30944K, committed 31104K, reserved 1075200K
  class space    used 4245K, capacity 4467K, committed 4480K, reserved 1048576K
}

